{
  "stats": {
    "suites": 1,
    "tests": 2,
    "passes": 2,
    "pending": 0,
    "failures": 0,
    "start": "2023-02-09T13:28:26.984Z",
    "end": "2023-02-09T13:28:27.699Z",
    "duration": 715,
    "testsRegistered": 2,
    "passPercent": 100,
    "pendingPercent": 0,
    "other": 0,
    "hasOther": false,
    "skipped": 0,
    "hasSkipped": false
  },
  "results": [
    {
      "uuid": "11695f0f-806a-45d3-9583-8f77166cb27c",
      "title": "",
      "fullFile": "C:\\Users\\User\\apiAutomationSanber\\test\\categories.js",
      "file": "\\test\\categories.js",
      "beforeHooks": [],
      "afterHooks": [],
      "tests": [],
      "suites": [
        {
          "uuid": "fcd6435d-7061-4df3-9f62-55dfa74439cb",
          "title": "GET/Category",
          "fullFile": "C:\\Users\\User\\apiAutomationSanber\\test\\categories.js",
          "file": "\\test\\categories.js",
          "beforeHooks": [],
          "afterHooks": [],
          "tests": [
            {
              "title": "GET/Category page 1",
              "fullTitle": "GET/Category GET/Category page 1",
              "timedOut": false,
              "duration": 471,
              "state": "passed",
              "speed": "slow",
              "pass": true,
              "fail": false,
              "pending": false,
              "context": null,
              "code": "return request(baseurl)\n.get('/customers?page=1')\n.set( \"Authorization\", \"Bearer \" + token )\n.then(async(response) => {\n    console.log(response.body)\n    expect((await response).status).to.equal(200)\n    expect((await response).body.status).to.equal(\"success\")\n    expect((await response).body.data).to.be.an('object')\n})",
              "err": {},
              "uuid": "ded8a14f-adc5-48e8-a5ec-302841f420a7",
              "parentUUID": "fcd6435d-7061-4df3-9f62-55dfa74439cb",
              "isHook": false,
              "skipped": false
            },
            {
              "title": "GET/Category with invalid token",
              "fullTitle": "GET/Category GET/Category with invalid token",
              "timedOut": false,
              "duration": 153,
              "state": "passed",
              "speed": "slow",
              "pass": true,
              "fail": false,
              "pending": false,
              "context": null,
              "code": "return request(baseurl)\n.get('/customers?page=1')\n.set( \"Authorization\", \"Bearer \" + invalidToken )\n.then(async(response) => {\n    expect((await response).status).to.equal(401)\n    expect((await response).body.error).to.equal(\"Unauthorized\")\n    expect((await response).body.message).to.equal(\"Invalid token structure\")\n})",
              "err": {},
              "uuid": "2780d697-b7c7-420f-b4f2-535fd614f65e",
              "parentUUID": "fcd6435d-7061-4df3-9f62-55dfa74439cb",
              "isHook": false,
              "skipped": false
            }
          ],
          "suites": [],
          "passes": [
            "ded8a14f-adc5-48e8-a5ec-302841f420a7",
            "2780d697-b7c7-420f-b4f2-535fd614f65e"
          ],
          "failures": [],
          "pending": [],
          "skipped": [],
          "duration": 624,
          "root": false,
          "rootEmpty": false,
          "_timeout": 2000
        }
      ],
      "passes": [],
      "failures": [],
      "pending": [],
      "skipped": [],
      "duration": 0,
      "root": true,
      "rootEmpty": true,
      "_timeout": 2000
    }
  ],
  "meta": {
    "mocha": {
      "version": "10.2.0"
    },
    "mochawesome": {
      "options": {
        "quiet": false,
        "reportFilename": "mochawesome",
        "saveHtml": true,
        "saveJson": true,
        "consoleReporter": "spec",
        "useInlineDiffs": false,
        "code": true
      },
      "version": "7.1.3"
    },
    "marge": {
      "options": null,
      "version": "6.2.0"
    }
  }
}