{
  "stats": {
    "suites": 1,
    "tests": 1,
    "passes": 1,
    "pending": 0,
    "failures": 0,
    "start": "2023-02-09T13:14:57.587Z",
    "end": "2023-02-09T13:14:58.325Z",
    "duration": 738,
    "testsRegistered": 1,
    "passPercent": 100,
    "pendingPercent": 0,
    "other": 0,
    "hasOther": false,
    "skipped": 0,
    "hasSkipped": false
  },
  "results": [
    {
      "uuid": "0a65a04f-77d1-48c7-9bed-49ca6a9c7809",
      "title": "",
      "fullFile": "C:\\Users\\User\\apiAutomationSanber\\test\\categories.js",
      "file": "\\test\\categories.js",
      "beforeHooks": [],
      "afterHooks": [],
      "tests": [],
      "suites": [
        {
          "uuid": "8824f70b-3756-4e89-b66a-655806ce61a5",
          "title": "DELETE/Category",
          "fullFile": "C:\\Users\\User\\apiAutomationSanber\\test\\categories.js",
          "file": "\\test\\categories.js",
          "beforeHooks": [],
          "afterHooks": [],
          "tests": [
            {
              "title": "DELETE/Category with invalid id",
              "fullTitle": "DELETE/Category DELETE/Category with invalid id",
              "timedOut": false,
              "duration": 591,
              "state": "passed",
              "speed": "slow",
              "pass": true,
              "fail": false,
              "pending": false,
              "context": null,
              "code": "return request(baseurl)\n.get('/categories/cd866e23-dc7f-4b2d-be0f-345e6ba23b')\n.set( \"Authorization\", \"Bearer \" + token )\n.then(async(response) => {\n    expect((await response).status).to.equal(404)\n    expect((await response).body.status).to.equal(\"fail\")\n    expect((await response).body.message).to.equal(\"id tidak valid\")\n})",
              "err": {},
              "uuid": "1b6779ce-ef6e-4320-8cc9-10ebb51c5807",
              "parentUUID": "8824f70b-3756-4e89-b66a-655806ce61a5",
              "isHook": false,
              "skipped": false
            }
          ],
          "suites": [],
          "passes": [
            "1b6779ce-ef6e-4320-8cc9-10ebb51c5807"
          ],
          "failures": [],
          "pending": [],
          "skipped": [],
          "duration": 591,
          "root": false,
          "rootEmpty": false,
          "_timeout": 2000
        }
      ],
      "passes": [],
      "failures": [],
      "pending": [],
      "skipped": [],
      "duration": 0,
      "root": true,
      "rootEmpty": true,
      "_timeout": 2000
    }
  ],
  "meta": {
    "mocha": {
      "version": "10.2.0"
    },
    "mochawesome": {
      "options": {
        "quiet": false,
        "reportFilename": "mochawesome",
        "saveHtml": true,
        "saveJson": true,
        "consoleReporter": "spec",
        "useInlineDiffs": false,
        "code": true
      },
      "version": "7.1.3"
    },
    "marge": {
      "options": null,
      "version": "6.2.0"
    }
  }
}